<?xml version="1.0" encoding="UTF-8"?>
<testng-results skipped="0" failed="0" ignored="0" total="1" passed="1">
  <reporter-output>
  </reporter-output>
  <suite name="Default suite" duration-ms="86" started-at="2022-03-12T01:59:26Z" finished-at="2022-03-12T01:59:26Z">
    <groups>
    </groups>
    <test name="Default test" duration-ms="86" started-at="2022-03-12T01:59:26Z" finished-at="2022-03-12T01:59:26Z">
      <class name="testScripts.LoginPagevalidTest">
        <test-method status="PASS" signature="launch()[pri:0, instance:testScripts.LoginPagevalidTest@1a968a59]" name="launch" is-config="true" duration-ms="66" started-at="2022-03-12T01:59:26Z" finished-at="2022-03-12T01:59:26Z">
          <reporter-output>
          </reporter-output>
        </test-method> <!-- launch -->
        <test-method status="PASS" signature="openApplication()[pri:0, instance:testScripts.LoginPagevalidTest@1a968a59]" name="openApplication" is-config="true" duration-ms="1" started-at="2022-03-12T01:59:26Z" finished-at="2022-03-12T01:59:26Z">
          <reporter-output>
          </reporter-output>
        </test-method> <!-- openApplication -->
        <test-method status="PASS" signature="screenAndUrlandTitle()[pri:0, instance:testScripts.LoginPagevalidTest@1a968a59]" name="screenAndUrlandTitle" is-config="true" duration-ms="1" started-at="2022-03-12T01:59:26Z" finished-at="2022-03-12T01:59:26Z">
          <reporter-output>
          </reporter-output>
        </test-method> <!-- screenAndUrlandTitle -->
        <test-method status="PASS" signature="validScenario()[pri:0, instance:testScripts.LoginPagevalidTest@1a968a59]" name="validScenario" duration-ms="36" started-at="2022-03-12T01:59:26Z" finished-at="2022-03-12T01:59:26Z">
          <reporter-output>
          </reporter-output>
        </test-method> <!-- validScenario -->
        <test-method status="PASS" signature="end()[pri:0, instance:testScripts.LoginPagevalidTest@1a968a59]" name="end" is-config="true" duration-ms="1" started-at="2022-03-12T01:59:26Z" finished-at="2022-03-12T01:59:26Z">
          <reporter-output>
          </reporter-output>
        </test-method> <!-- end -->
      </class> <!-- testScripts.LoginPagevalidTest -->
    </test> <!-- Default test -->
  </suite> <!-- Default suite -->
</testng-results>
